[2025-08-22T17:24:33.833+0000] {taskinstance.py:1159} INFO - Dependencies all met for dep_context=non-requeueable deps ti=<TaskInstance: ecom_pipeline.nifi_ingest scheduled__2025-08-22T16:00:00+00:00 [up_for_retry]>
[2025-08-22T17:24:34.253+0000] {taskinstance.py:1159} INFO - Dependencies all met for dep_context=requeueable deps ti=<TaskInstance: ecom_pipeline.nifi_ingest scheduled__2025-08-22T16:00:00+00:00 [up_for_retry]>
[2025-08-22T17:24:34.260+0000] {taskinstance.py:1361} INFO - Starting attempt 2 of 2
[2025-08-22T17:24:34.623+0000] {taskinstance.py:1382} INFO - Executing <Task(BashOperator): nifi_ingest> on 2025-08-22 16:00:00+00:00
[2025-08-22T17:24:34.697+0000] {standard_task_runner.py:57} INFO - Started process 69 to run task
[2025-08-22T17:24:34.696+0000] {standard_task_runner.py:84} INFO - Running: ['***', 'tasks', 'run', 'ecom_pipeline', 'nifi_ingest', 'scheduled__2025-08-22T16:00:00+00:00', '--job-id', '15', '--raw', '--subdir', 'DAGS_FOLDER/Separated_process.py', '--cfg-path', '/tmp/tmpp29xf4z6']
[2025-08-22T17:24:34.714+0000] {standard_task_runner.py:85} INFO - Job 15: Subtask nifi_ingest
[2025-08-22T17:24:35.265+0000] {task_command.py:416} INFO - Running <TaskInstance: ecom_pipeline.nifi_ingest scheduled__2025-08-22T16:00:00+00:00 [running]> on host c0d10b17f5fd
[2025-08-22T17:24:36.176+0000] {abstractoperator.py:709} ERROR - Exception rendering Jinja template for task 'nifi_ingest', field 'bash_command'. Template: '/workspaces/EcomPipeline/nifi_ingest.sh'
Traceback (most recent call last):
  File "/home/airflow/.local/lib/python3.8/site-packages/airflow/models/abstractoperator.py", line 701, in _do_render_template_fields
    rendered_content = self.render_template(
  File "/home/airflow/.local/lib/python3.8/site-packages/airflow/template/templater.py", line 152, in render_template
    template = jinja_env.get_template(value)
  File "/home/airflow/.local/lib/python3.8/site-packages/jinja2/environment.py", line 1010, in get_template
    return self._load_template(name, globals)
  File "/home/airflow/.local/lib/python3.8/site-packages/jinja2/environment.py", line 969, in _load_template
    template = self.loader.load(self, name, self.make_globals(globals))
  File "/home/airflow/.local/lib/python3.8/site-packages/jinja2/loaders.py", line 126, in load
    source, filename, uptodate = self.get_source(environment, name)
  File "/home/airflow/.local/lib/python3.8/site-packages/jinja2/loaders.py", line 218, in get_source
    raise TemplateNotFound(template)
jinja2.exceptions.TemplateNotFound: /workspaces/EcomPipeline/nifi_ingest.sh
[2025-08-22T17:24:36.228+0000] {taskinstance.py:1937} ERROR - Task failed with exception
Traceback (most recent call last):
  File "/home/airflow/.local/lib/python3.8/site-packages/airflow/models/taskinstance.py", line 1518, in _run_raw_task
    self._execute_task_with_callbacks(context, test_mode, session=session)
  File "/home/airflow/.local/lib/python3.8/site-packages/airflow/models/taskinstance.py", line 1647, in _execute_task_with_callbacks
    task_orig = self.render_templates(context=context)
  File "/home/airflow/.local/lib/python3.8/site-packages/airflow/models/taskinstance.py", line 2285, in render_templates
    original_task.render_template_fields(context)
  File "/home/airflow/.local/lib/python3.8/site-packages/airflow/models/baseoperator.py", line 1243, in render_template_fields
    self._do_render_template_fields(self, self.template_fields, context, jinja_env, set())
  File "/home/airflow/.local/lib/python3.8/site-packages/airflow/utils/session.py", line 79, in wrapper
    return func(*args, session=session, **kwargs)
  File "/home/airflow/.local/lib/python3.8/site-packages/airflow/models/abstractoperator.py", line 701, in _do_render_template_fields
    rendered_content = self.render_template(
  File "/home/airflow/.local/lib/python3.8/site-packages/airflow/template/templater.py", line 152, in render_template
    template = jinja_env.get_template(value)
  File "/home/airflow/.local/lib/python3.8/site-packages/jinja2/environment.py", line 1010, in get_template
    return self._load_template(name, globals)
  File "/home/airflow/.local/lib/python3.8/site-packages/jinja2/environment.py", line 969, in _load_template
    template = self.loader.load(self, name, self.make_globals(globals))
  File "/home/airflow/.local/lib/python3.8/site-packages/jinja2/loaders.py", line 126, in load
    source, filename, uptodate = self.get_source(environment, name)
  File "/home/airflow/.local/lib/python3.8/site-packages/jinja2/loaders.py", line 218, in get_source
    raise TemplateNotFound(template)
jinja2.exceptions.TemplateNotFound: /workspaces/EcomPipeline/nifi_ingest.sh
[2025-08-22T17:24:36.462+0000] {taskinstance.py:1400} INFO - Marking task as FAILED. dag_id=ecom_pipeline, task_id=nifi_ingest, execution_date=20250822T160000, start_date=20250822T172433, end_date=20250822T172436
[2025-08-22T17:24:36.626+0000] {standard_task_runner.py:104} ERROR - Failed to execute job 15 for task nifi_ingest (/workspaces/EcomPipeline/nifi_ingest.sh; 69)
[2025-08-22T17:24:36.939+0000] {local_task_job_runner.py:228} INFO - Task exited with return code 1
[2025-08-22T17:24:37.212+0000] {taskinstance.py:2778} INFO - 0 downstream tasks scheduled from follow-on schedule check
