[2025-08-25T00:41:06.290+0000] {taskinstance.py:1159} INFO - Dependencies all met for dep_context=non-requeueable deps ti=<TaskInstance: ecommerce_health_check.check_postgres_health manual__2025-08-25T00:39:03+00:00 [queued]>
[2025-08-25T00:41:06.299+0000] {taskinstance.py:1159} INFO - Dependencies all met for dep_context=requeueable deps ti=<TaskInstance: ecommerce_health_check.check_postgres_health manual__2025-08-25T00:39:03+00:00 [queued]>
[2025-08-25T00:41:06.299+0000] {taskinstance.py:1361} INFO - Starting attempt 2 of 2
[2025-08-25T00:41:06.309+0000] {taskinstance.py:1382} INFO - Executing <Task(BashOperator): check_postgres_health> on 2025-08-25 00:39:03+00:00
[2025-08-25T00:41:06.314+0000] {standard_task_runner.py:57} INFO - Started process 124 to run task
[2025-08-25T00:41:06.317+0000] {standard_task_runner.py:84} INFO - Running: ['***', 'tasks', 'run', 'ecommerce_health_check', 'check_postgres_health', 'manual__2025-08-25T00:39:03+00:00', '--job-id', '246', '--raw', '--subdir', 'DAGS_FOLDER/health_check_dag.py', '--cfg-path', '/tmp/tmpw45_o18q']
[2025-08-25T00:41:06.318+0000] {standard_task_runner.py:85} INFO - Job 246: Subtask check_postgres_health
[2025-08-25T00:41:06.359+0000] {task_command.py:416} INFO - Running <TaskInstance: ecommerce_health_check.check_postgres_health manual__2025-08-25T00:39:03+00:00 [running]> on host 88d490cfafa3
[2025-08-25T00:41:06.400+0000] {abstractoperator.py:709} ERROR - Exception rendering Jinja template for task 'check_postgres_health', field 'bash_command'. Template: '\n    echo "üêò PostgreSQL Health Check"\n    echo "=========================="\n    \n    # Check if container is running\n    if docker ps --format "table {{.Names}}" | grep -q "warehouse-db"; then\n        echo "‚úÖ PostgreSQL container is running"\n        \n        # Check database connection and record count\n        RECORD_COUNT=$(docker exec -i warehouse-db bash -c             "PGPASSWORD=\'warehouse_pass\' psql -U warehouse_user -d warehouse -t -c \'SELECT COUNT(*) FROM sales_data;\'" 2>/dev/null | tr -d \' \' || echo "0")\n        \n        if [[ "${RECORD_COUNT}" -gt 0 ]]; then\n            echo "‚úÖ Database connection OK: ${RECORD_COUNT} records in sales_data"\n            \n            # Check for recent data\n            RECENT_COUNT=$(docker exec -i warehouse-db bash -c                 "PGPASSWORD=\'warehouse_pass\' psql -U warehouse_user -d warehouse -t -c "SELECT COUNT(*) FROM sales_data WHERE \\"Order Date\\" >= CURRENT_DATE - INTERVAL \'7 days\';"" 2>/dev/null | tr -d \' \' || echo "0")\n            \n            echo "üìä Recent data (last 7 days): ${RECENT_COUNT} records"\n        else\n            echo "‚ö†Ô∏è  Database connection OK but no data found"\n        fi\n    else\n        echo "‚ùå PostgreSQL container is not running"\n        exit 1\n    fi\n    '
Traceback (most recent call last):
  File "/home/airflow/.local/lib/python3.8/site-packages/airflow/models/abstractoperator.py", line 701, in _do_render_template_fields
    rendered_content = self.render_template(
  File "/home/airflow/.local/lib/python3.8/site-packages/airflow/template/templater.py", line 154, in render_template
    template = jinja_env.from_string(value)
  File "/home/airflow/.local/lib/python3.8/site-packages/jinja2/environment.py", line 1105, in from_string
    return cls.from_code(self, self.compile(source), gs, None)
  File "/home/airflow/.local/lib/python3.8/site-packages/jinja2/environment.py", line 768, in compile
    self.handle_exception(source=source_hint)
  File "/home/airflow/.local/lib/python3.8/site-packages/jinja2/environment.py", line 936, in handle_exception
    raise rewrite_traceback_stack(source=source)
  File "<unknown>", line 6, in template
jinja2.exceptions.TemplateSyntaxError: unexpected '.'
[2025-08-25T00:41:06.404+0000] {taskinstance.py:1937} ERROR - Task failed with exception
Traceback (most recent call last):
  File "/home/airflow/.local/lib/python3.8/site-packages/airflow/models/taskinstance.py", line 1518, in _run_raw_task
    self._execute_task_with_callbacks(context, test_mode, session=session)
  File "/home/airflow/.local/lib/python3.8/site-packages/airflow/models/taskinstance.py", line 1647, in _execute_task_with_callbacks
    task_orig = self.render_templates(context=context)
  File "/home/airflow/.local/lib/python3.8/site-packages/airflow/models/taskinstance.py", line 2285, in render_templates
    original_task.render_template_fields(context)
  File "/home/airflow/.local/lib/python3.8/site-packages/airflow/models/baseoperator.py", line 1243, in render_template_fields
    self._do_render_template_fields(self, self.template_fields, context, jinja_env, set())
  File "/home/airflow/.local/lib/python3.8/site-packages/airflow/utils/session.py", line 79, in wrapper
    return func(*args, session=session, **kwargs)
  File "/home/airflow/.local/lib/python3.8/site-packages/airflow/models/abstractoperator.py", line 701, in _do_render_template_fields
    rendered_content = self.render_template(
  File "/home/airflow/.local/lib/python3.8/site-packages/airflow/template/templater.py", line 154, in render_template
    template = jinja_env.from_string(value)
  File "/home/airflow/.local/lib/python3.8/site-packages/jinja2/environment.py", line 1105, in from_string
    return cls.from_code(self, self.compile(source), gs, None)
  File "/home/airflow/.local/lib/python3.8/site-packages/jinja2/environment.py", line 768, in compile
    self.handle_exception(source=source_hint)
  File "/home/airflow/.local/lib/python3.8/site-packages/jinja2/environment.py", line 936, in handle_exception
    raise rewrite_traceback_stack(source=source)
  File "<unknown>", line 6, in template
jinja2.exceptions.TemplateSyntaxError: unexpected '.'
[2025-08-25T00:41:06.417+0000] {taskinstance.py:1400} INFO - Marking task as FAILED. dag_id=ecommerce_health_check, task_id=check_postgres_health, execution_date=20250825T003903, start_date=20250825T004106, end_date=20250825T004106
[2025-08-25T00:41:06.426+0000] {standard_task_runner.py:104} ERROR - Failed to execute job 246 for task check_postgres_health (unexpected '.'; 124)
[2025-08-25T00:41:06.449+0000] {local_task_job_runner.py:228} INFO - Task exited with return code 1
[2025-08-25T00:41:06.496+0000] {taskinstance.py:2778} INFO - 0 downstream tasks scheduled from follow-on schedule check
