[2025-08-24T12:31:27.069+0000] {taskinstance.py:1159} INFO - Dependencies all met for dep_context=non-requeueable deps ti=<TaskInstance: pipeline_scheduler.run_pipeline_script manual__2025-08-24T12:31:25.289416+00:00 [queued]>
[2025-08-24T12:31:27.089+0000] {taskinstance.py:1159} INFO - Dependencies all met for dep_context=requeueable deps ti=<TaskInstance: pipeline_scheduler.run_pipeline_script manual__2025-08-24T12:31:25.289416+00:00 [queued]>
[2025-08-24T12:31:27.089+0000] {taskinstance.py:1361} INFO - Starting attempt 1 of 1
[2025-08-24T12:31:27.126+0000] {taskinstance.py:1382} INFO - Executing <Task(BashOperator): run_pipeline_script> on 2025-08-24 12:31:25.289416+00:00
[2025-08-24T12:31:27.151+0000] {standard_task_runner.py:57} INFO - Started process 132 to run task
[2025-08-24T12:31:27.155+0000] {standard_task_runner.py:84} INFO - Running: ['***', 'tasks', 'run', 'pipeline_scheduler', 'run_pipeline_script', 'manual__2025-08-24T12:31:25.289416+00:00', '--job-id', '170', '--raw', '--subdir', 'DAGS_FOLDER/scripts/pipeline_dag.py', '--cfg-path', '/tmp/tmpk8hxj5ns']
[2025-08-24T12:31:27.161+0000] {standard_task_runner.py:85} INFO - Job 170: Subtask run_pipeline_script
[2025-08-24T12:31:27.266+0000] {task_command.py:416} INFO - Running <TaskInstance: pipeline_scheduler.run_pipeline_script manual__2025-08-24T12:31:25.289416+00:00 [running]> on host 88d490cfafa3
[2025-08-24T12:31:27.446+0000] {abstractoperator.py:709} ERROR - Exception rendering Jinja template for task 'run_pipeline_script', field 'bash_command'. Template: '/bin/bash /opt/***/dags/scripts/pipeline.sh'
Traceback (most recent call last):
  File "/home/airflow/.local/lib/python3.8/site-packages/airflow/models/abstractoperator.py", line 701, in _do_render_template_fields
    rendered_content = self.render_template(
  File "/home/airflow/.local/lib/python3.8/site-packages/airflow/template/templater.py", line 152, in render_template
    template = jinja_env.get_template(value)
  File "/home/airflow/.local/lib/python3.8/site-packages/jinja2/environment.py", line 1010, in get_template
    return self._load_template(name, globals)
  File "/home/airflow/.local/lib/python3.8/site-packages/jinja2/environment.py", line 969, in _load_template
    template = self.loader.load(self, name, self.make_globals(globals))
  File "/home/airflow/.local/lib/python3.8/site-packages/jinja2/loaders.py", line 126, in load
    source, filename, uptodate = self.get_source(environment, name)
  File "/home/airflow/.local/lib/python3.8/site-packages/jinja2/loaders.py", line 218, in get_source
    raise TemplateNotFound(template)
jinja2.exceptions.TemplateNotFound: /bin/bash /opt/airflow/dags/scripts/pipeline.sh
[2025-08-24T12:31:27.555+0000] {taskinstance.py:1937} ERROR - Task failed with exception
Traceback (most recent call last):
  File "/home/airflow/.local/lib/python3.8/site-packages/airflow/models/taskinstance.py", line 1518, in _run_raw_task
    self._execute_task_with_callbacks(context, test_mode, session=session)
  File "/home/airflow/.local/lib/python3.8/site-packages/airflow/models/taskinstance.py", line 1647, in _execute_task_with_callbacks
    task_orig = self.render_templates(context=context)
  File "/home/airflow/.local/lib/python3.8/site-packages/airflow/models/taskinstance.py", line 2285, in render_templates
    original_task.render_template_fields(context)
  File "/home/airflow/.local/lib/python3.8/site-packages/airflow/models/baseoperator.py", line 1243, in render_template_fields
    self._do_render_template_fields(self, self.template_fields, context, jinja_env, set())
  File "/home/airflow/.local/lib/python3.8/site-packages/airflow/utils/session.py", line 79, in wrapper
    return func(*args, session=session, **kwargs)
  File "/home/airflow/.local/lib/python3.8/site-packages/airflow/models/abstractoperator.py", line 701, in _do_render_template_fields
    rendered_content = self.render_template(
  File "/home/airflow/.local/lib/python3.8/site-packages/airflow/template/templater.py", line 152, in render_template
    template = jinja_env.get_template(value)
  File "/home/airflow/.local/lib/python3.8/site-packages/jinja2/environment.py", line 1010, in get_template
    return self._load_template(name, globals)
  File "/home/airflow/.local/lib/python3.8/site-packages/jinja2/environment.py", line 969, in _load_template
    template = self.loader.load(self, name, self.make_globals(globals))
  File "/home/airflow/.local/lib/python3.8/site-packages/jinja2/loaders.py", line 126, in load
    source, filename, uptodate = self.get_source(environment, name)
  File "/home/airflow/.local/lib/python3.8/site-packages/jinja2/loaders.py", line 218, in get_source
    raise TemplateNotFound(template)
jinja2.exceptions.TemplateNotFound: /bin/bash /opt/airflow/dags/scripts/pipeline.sh
[2025-08-24T12:31:27.627+0000] {taskinstance.py:1400} INFO - Marking task as FAILED. dag_id=pipeline_scheduler, task_id=run_pipeline_script, execution_date=20250824T123125, start_date=20250824T123127, end_date=20250824T123127
[2025-08-24T12:31:27.682+0000] {standard_task_runner.py:104} ERROR - Failed to execute job 170 for task run_pipeline_script (/bin/bash /opt/airflow/dags/scripts/pipeline.sh; 132)
[2025-08-24T12:31:27.746+0000] {local_task_job_runner.py:228} INFO - Task exited with return code 1
[2025-08-24T12:31:27.818+0000] {taskinstance.py:2778} INFO - 0 downstream tasks scheduled from follow-on schedule check
